<?xml version="1.0" encoding="UTF-8"?>
<testsuite xmlns:xsi="http://www.w3.org/2001/XMLSchema-instance" xsi:noNamespaceSchemaLocation="https://maven.apache.org/surefire/maven-surefire-plugin/xsd/surefire-test-report.xsd" version="3.0.2" name="com.example.springbd3big.SpringBd3BigApplicationTests" time="1.823" tests="1" errors="0" skipped="0" failures="0" flakes="0">
  <properties>
[...]
</properties>
  <testcase name="contextLoads" classname="com.example.springbd3big.SpringBd3BigApplicationTests" time="0.044">
    <system-out><![CDATA[11:22:50.009 [main] INFO org.springframework.test.context.support.AnnotationConfigContextLoaderUtils -- Could not detect default configuration classes for test class [com.example.springbd3big.SpringBd3BigApplicationTests]: SpringBd3BigApplicationTests does not declare any static, non-private, non-final, nested classes annotated with @Configuration.
11:22:50.048 [main] INFO org.springframework.boot.test.context.SpringBootTestContextBootstrapper -- Found @SpringBootConfiguration com.example.springbd3big.SpringBd3BigApplication for test class com.example.springbd3big.SpringBd3BigApplicationTests

  .   ____          _            __ _ _
 /\\ / ___'_ __ _ _(_)_ __  __ _ \ \ \ \
( ( )\___ | '_ | '_| | '_ \/ _` | \ \ \ \
 \\/  ___)| |_)| | | | | || (_| |  ) ) ) )
  '  |____| .__|_| |_|_| |_\__, | / / / /
 =========|_|==============|___/=/_/_/_/

 :: Spring Boot ::               (v3.5.13)

2026-04-03T11:22:50.184+03:00  INFO 79579 --- [           main] c.e.s.SpringBd3BigApplicationTests       : Starting SpringBd3BigApplicationTests using Java 25.0.2 with PID 79579 (started by bogdandaniel in /Users/bogdandaniel/Documents/projects-for-teaching/java/spring-security-jwt/online-scool-api)
2026-04-03T11:22:50.185+03:00  INFO 79579 --- [           main] c.e.s.SpringBd3BigApplicationTests       : The following 1 profile is active: "test"
2026-04-03T11:22:50.412+03:00  INFO 79579 --- [           main] .s.d.r.c.RepositoryConfigurationDelegate : Bootstrapping Spring Data JPA repositories in DEFAULT mode.
2026-04-03T11:22:50.440+03:00  INFO 79579 --- [           main] .s.d.r.c.RepositoryConfigurationDelegate : Finished Spring Data repository scanning in 24 ms. Found 4 JPA repository interfaces.
2026-04-03T11:22:50.588+03:00  INFO 79579 --- [           main] o.hibernate.jpa.internal.util.LogHelper  : HHH000204: Processing PersistenceUnitInfo [name: default]
2026-04-03T11:22:50.611+03:00  INFO 79579 --- [           main] org.hibernate.Version                    : HHH000412: Hibernate ORM core version 6.6.45.Final
2026-04-03T11:22:50.624+03:00  INFO 79579 --- [           main] o.h.c.internal.RegionFactoryInitiator    : HHH000026: Second-level cache disabled
2026-04-03T11:22:50.726+03:00  INFO 79579 --- [           main] o.s.o.j.p.SpringPersistenceUnitInfo      : No LoadTimeWeaver setup: ignoring JPA class transformer
2026-04-03T11:22:50.739+03:00  INFO 79579 --- [           main] com.zaxxer.hikari.HikariDataSource       : HikariPool - Starting...
2026-04-03T11:22:50.817+03:00  INFO 79579 --- [           main] com.zaxxer.hikari.pool.HikariPool        : HikariPool - Added connection conn0: url=jdbc:h2:mem:testdb user=SA
2026-04-03T11:22:50.818+03:00  INFO 79579 --- [           main] com.zaxxer.hikari.HikariDataSource       : HikariPool - Start completed.
2026-04-03T11:22:50.841+03:00  INFO 79579 --- [           main] org.hibernate.orm.connections.pooling    : HHH10001005: Database info:
	Database JDBC URL [Connecting through datasource 'HikariDataSource (HikariPool)']
	Database driver: undefined/unknown
	Database version: 2.3.232
	Autocommit mode: undefined/unknown
	Isolation level: undefined/unknown
	Minimum pool size: undefined/unknown
	Maximum pool size: undefined/unknown
Hibernate: 
    create global temporary table HTE_course(id integer, rn_ integer not null, course_name varchar(255), department varchar(255), primary key (rn_)) TRANSACTIONAL
Hibernate: 
    create global temporary table HTE_book(id integer, rn_ integer not null, student_id integer, book_name varchar(50), primary key (rn_)) TRANSACTIONAL
Hibernate: 
    create global temporary table HTE_enrolment(course_id integer, rn_ integer not null, student_id integer, id bigint, primary key (rn_)) TRANSACTIONAL
Hibernate: 
    create global temporary table HTE_student(id integer, rn_ integer not null, email varchar(50), first_name varchar(50), last_name varchar(50), primary key (rn_)) TRANSACTIONAL
2026-04-03T11:22:51.210+03:00  INFO 79579 --- [           main] o.h.e.t.j.p.i.JtaPlatformInitiator       : HHH000489: No JTA platform available (set 'hibernate.transaction.jta.platform' to enable JTA platform integration)
Hibernate: 
    drop table if exists book cascade 
Hibernate: 
    drop table if exists course cascade 
Hibernate: 
    drop table if exists enrolment cascade 
Hibernate: 
    drop table if exists student cascade 
Hibernate: 
    drop sequence if exists book_seq
Hibernate: 
    drop sequence if exists course_seq
Hibernate: 
    drop sequence if exists enrolment_seq
Hibernate: 
    drop sequence if exists student_seq
Hibernate: 
    create sequence book_seq start with 1 increment by 50
Hibernate: 
    create sequence course_seq start with 1 increment by 50
Hibernate: 
    create sequence enrolment_seq start with 1 increment by 50
Hibernate: 
    create sequence student_seq start with 1 increment by 50
Hibernate: 
    create table book (
        id integer not null,
        student_id integer,
        book_name varchar(50) not null,
        primary key (id)
    )
Hibernate: 
    create table course (
        id integer not null,
        course_name varchar(255) not null,
        department varchar(255) not null,
        primary key (id)
    )
Hibernate: 
    create table enrolment (
        course_id integer,
        student_id integer,
        id bigint not null,
        primary key (id)
    )
Hibernate: 
    create table student (
        id integer not null,
        email varchar(50) not null,
        first_name varchar(50) not null,
        last_name varchar(50) not null,
        primary key (id)
    )
Hibernate: 
    alter table if exists book 
       add constraint FK8ik6mo7lcgguka7gglqr88in1 
       foreign key (student_id) 
       references student
Hibernate: 
    alter table if exists enrolment 
       add constraint FKqnrv6xltxnx61nfjoe2sngny4 
       foreign key (course_id) 
       references course
Hibernate: 
    alter table if exists enrolment 
       add constraint FKquem30hnspsnegde2q2bhvou 
       foreign key (student_id) 
       references student
2026-04-03T11:22:51.228+03:00  INFO 79579 --- [           main] j.LocalContainerEntityManagerFactoryBean : Initialized JPA EntityManagerFactory for persistence unit 'default'
2026-04-03T11:22:51.342+03:00  INFO 79579 --- [           main] o.s.d.j.r.query.QueryEnhancerFactory     : Hibernate is in classpath; If applicable, HQL parser will be used.
2026-04-03T11:22:51.777+03:00  INFO 79579 --- [           main] c.e.s.SpringBd3BigApplicationTests       : Started SpringBd3BigApplicationTests in 1.696 seconds (process running for 2.825)
]]></system-out>
  </testcase>
</testsuite>