<?xml version="1.0" encoding="UTF-8"?>
<testsuite xmlns:xsi="http://www.w3.org/2001/XMLSchema-instance" xsi:noNamespaceSchemaLocation="https://maven.apache.org/surefire/maven-surefire-plugin/xsd/surefire-test-report.xsd" version="3.0.2" name="com.example.springbd3big.integration.EnrolmentCommandServiceIT" time="2.042" tests="3" errors="0" skipped="0" failures="0" flakes="0">
  <properties>
[...]
</properties>
  <testcase name="updateEnrolment_updatesStudentAndCourse" classname="com.example.springbd3big.integration.EnrolmentCommandServiceIT" time="0.09">
    <system-out><![CDATA[15:23:57.857 [main] INFO org.springframework.test.context.support.AnnotationConfigContextLoaderUtils -- Could not detect default configuration classes for test class [com.example.springbd3big.integration.EnrolmentCommandServiceIT]: EnrolmentCommandServiceIT does not declare any static, non-private, non-final, nested classes annotated with @Configuration.
15:23:57.892 [main] INFO org.springframework.boot.test.context.SpringBootTestContextBootstrapper -- Found @SpringBootConfiguration com.example.springbd3big.OnlineSchoolCloudApiApplication for test class com.example.springbd3big.integration.EnrolmentCommandServiceIT

  .   ____          _            __ _ _
 /\\ / ___'_ __ _ _(_)_ __  __ _ \ \ \ \
( ( )\___ | '_ | '_| | '_ \/ _` | \ \ \ \
 \\/  ___)| |_)| | | | | || (_| |  ) ) ) )
  '  |____| .__|_| |_|_| |_\__, | / / / /
 =========|_|==============|___/=/_/_/_/

 :: Spring Boot ::               (v3.5.13)

2026-05-06T15:23:58.007+03:00  INFO 40012 --- [           main] c.e.s.i.EnrolmentCommandServiceIT        : Starting EnrolmentCommandServiceIT using Java 25.0.2 with PID 40012 (started by bogdandaniel in /Users/bogdandaniel/Documents/projects-for-teaching/devops/projects-for-testing/online-scool-cloud-spring-api)
2026-05-06T15:23:58.007+03:00  INFO 40012 --- [           main] c.e.s.i.EnrolmentCommandServiceIT        : The following 1 profile is active: "test"
2026-05-06T15:23:58.254+03:00  INFO 40012 --- [           main] .s.d.r.c.RepositoryConfigurationDelegate : Bootstrapping Spring Data JPA repositories in DEFAULT mode.
2026-05-06T15:23:58.282+03:00  INFO 40012 --- [           main] .s.d.r.c.RepositoryConfigurationDelegate : Finished Spring Data repository scanning in 25 ms. Found 7 JPA repository interfaces.
2026-05-06T15:23:58.458+03:00  INFO 40012 --- [           main] o.hibernate.jpa.internal.util.LogHelper  : HHH000204: Processing PersistenceUnitInfo [name: default]
2026-05-06T15:23:58.474+03:00  INFO 40012 --- [           main] org.hibernate.Version                    : HHH000412: Hibernate ORM core version 6.6.45.Final
2026-05-06T15:23:58.484+03:00  INFO 40012 --- [           main] o.h.c.internal.RegionFactoryInitiator    : HHH000026: Second-level cache disabled
2026-05-06T15:23:58.569+03:00  INFO 40012 --- [           main] o.s.o.j.p.SpringPersistenceUnitInfo      : No LoadTimeWeaver setup: ignoring JPA class transformer
2026-05-06T15:23:58.578+03:00  INFO 40012 --- [           main] com.zaxxer.hikari.HikariDataSource       : HikariPool - Starting...
2026-05-06T15:23:58.640+03:00  INFO 40012 --- [           main] com.zaxxer.hikari.pool.HikariPool        : HikariPool - Added connection conn0: url=jdbc:h2:mem:testdb user=SA
2026-05-06T15:23:58.640+03:00  INFO 40012 --- [           main] com.zaxxer.hikari.HikariDataSource       : HikariPool - Start completed.
2026-05-06T15:23:58.659+03:00  INFO 40012 --- [           main] org.hibernate.orm.connections.pooling    : HHH10001005: Database info:
	Database JDBC URL [Connecting through datasource 'HikariDataSource (HikariPool)']
	Database driver: undefined/unknown
	Database version: 2.3.232
	Autocommit mode: undefined/unknown
	Isolation level: undefined/unknown
	Minimum pool size: undefined/unknown
	Maximum pool size: undefined/unknown
Hibernate: 
    create global temporary table HT_app_user(id integer not null, primary key (id)) TRANSACTIONAL
Hibernate: 
    create global temporary table HTE_app_user(HTE_IDENTITY integer generated 
by
    default as identity, date_of_birth date, enrollment_date date, id integer, is_active boolean, created_at timestamp(6), last_login_at timestamp(6), updated_at timestamp(6), phone_number varchar(30), email varchar(50), employee_code varchar(50), employee_code varchar(50), first_name varchar(50), last_name varchar(50), student_code varchar(50), department varchar(100), guardian_email varchar(100), guardian_name varchar(100), job_title varchar(100), specialization varchar(100), title varchar(100), bio varchar(1000), password_hash varchar(255), primary key (HTE_IDENTITY)) TRANSACTIONAL
Hibernate: 
    create global temporary table HTE_teacher(HTE_IDENTITY integer generated 
by
    default as identity, id integer, is_active boolean, created_at timestamp(6), last_login_at timestamp(6), updated_at timestamp(6), phone_number varchar(30), email varchar(50), employee_code varchar(50), first_name varchar(50), last_name varchar(50), specialization varchar(100), title varchar(100), bio varchar(1000), password_hash varchar(255), primary key (HTE_IDENTITY)) TRANSACTIONAL
Hibernate: 
    create global temporary table HTE_administrator(HTE_IDENTITY integer generated 
by
    default as identity, id integer, is_active boolean, created_at timestamp(6), last_login_at timestamp(6), updated_at timestamp(6), phone_number varchar(30), email varchar(50), employee_code varchar(50), first_name varchar(50), last_name varchar(50), department varchar(100), job_title varchar(100), password_hash varchar(255), primary key (HTE_IDENTITY)) TRANSACTIONAL
Hibernate: 
    create global temporary table HTE_student(HTE_IDENTITY integer generated 
by
    default as identity, date_of_birth date, enrollment_date date, id integer, is_active boolean, created_at timestamp(6), last_login_at timestamp(6), updated_at timestamp(6), phone_number varchar(30), email varchar(50), first_name varchar(50), last_name varchar(50), student_code varchar(50), guardian_email varchar(100), guardian_name varchar(100), password_hash varchar(255), primary key (HTE_IDENTITY)) TRANSACTIONAL
2026-05-06T15:23:59.022+03:00  INFO 40012 --- [           main] o.h.e.t.j.p.i.JtaPlatformInitiator       : HHH000489: No JTA platform available (set 'hibernate.transaction.jta.platform' to enable JTA platform integration)
Hibernate: 
    drop table if exists administrator cascade 
Hibernate: 
    drop table if exists app_user cascade 
Hibernate: 
    drop table if exists book cascade 
Hibernate: 
    drop table if exists course cascade 
Hibernate: 
    drop table if exists enrolment cascade 
Hibernate: 
    drop table if exists student cascade 
Hibernate: 
    drop table if exists teacher cascade 
Hibernate: 
    drop table if exists user_permissions cascade 
Hibernate: 
    create table administrator (
        id integer not null,
        employee_code varchar(50) unique,
        department varchar(100),
        job_title varchar(100),
        primary key (id)
    )
Hibernate: 
    create table app_user (
        id integer generated by default as identity,
        is_active boolean not null,
        created_at timestamp(6) not null,
        last_login_at timestamp(6),
        updated_at timestamp(6) not null,
        phone_number varchar(30),
        email varchar(50) not null unique,
        first_name varchar(50) not null,
        last_name varchar(50) not null,
        password_hash varchar(255),
        primary key (id)
    )
Hibernate: 
    create table book (
        id integer generated by default as identity,
        student_id integer,
        book_name varchar(50) not null,
        primary key (id)
    )
Hibernate: 
    create table course (
        id integer generated by default as identity,
        course_name varchar(255) not null,
        department varchar(255) not null,
        primary key (id)
    )
Hibernate: 
    create table enrolment (
        course_id integer,
        student_id integer,
        id bigint generated by default as identity,
        primary key (id)
    )
Hibernate: 
    create table student (
        date_of_birth date,
        enrollment_date date,
        id integer not null,
        student_code varchar(50) unique,
        guardian_email varchar(100),
        guardian_name varchar(100),
        primary key (id)
    )
Hibernate: 
    create table teacher (
        id integer not null,
        employee_code varchar(50) unique,
        specialization varchar(100),
        title varchar(100),
        bio varchar(1000),
        primary key (id)
    )
Hibernate: 
    create table user_permissions (
        user_id integer not null,
        permission enum ('ADMINISTRATOR_READ','ADMINISTRATOR_WRITE','AUTH_READ','AUTH_WRITE','BOOK_READ','BOOK_WRITE','COURSE_READ','COURSE_WRITE','DASHBOARD_READ','DASHBOARD_WRITE','ENROLMENT_READ','ENROLMENT_WRITE','PASSWORD_READ','PASSWORD_WRITE','PERMISSION_READ','PERMISSION_WRITE','PROFILE_READ','PROFILE_WRITE','REPORT_READ','REPORT_WRITE','SETTINGS_READ','SETTINGS_WRITE','STUDENT_READ','STUDENT_WRITE','TEACHER_READ','TEACHER_WRITE','USER_READ','USER_WRITE') not null,
        primary key (user_id, permission)
    )
Hibernate: 
    alter table if exists administrator 
       add constraint FK30enexlajkpq595u5ufio5q0x 
       foreign key (id) 
       references app_user
Hibernate: 
    alter table if exists book 
       add constraint FK8ik6mo7lcgguka7gglqr88in1 
       foreign key (student_id) 
       references student
Hibernate: 
    alter table if exists enrolment 
       add constraint FKqnrv6xltxnx61nfjoe2sngny4 
       foreign key (course_id) 
       references course
Hibernate: 
    alter table if exists enrolment 
       add constraint FKquem30hnspsnegde2q2bhvou 
       foreign key (student_id) 
       references student
Hibernate: 
    alter table if exists student 
       add constraint FKf3h8khcoy05roep7red9e3rpi 
       foreign key (id) 
       references app_user
Hibernate: 
    alter table if exists teacher 
       add constraint FKa02skk7g6b5hud3t5rv19i7v1 
       foreign key (id) 
       references app_user
Hibernate: 
    alter table if exists user_permissions 
       add constraint FK9ir9q1vwhap2jywi1lk3qq54c 
       foreign key (user_id) 
       references app_user
2026-05-06T15:23:59.046+03:00  INFO 40012 --- [           main] j.LocalContainerEntityManagerFactoryBean : Initialized JPA EntityManagerFactory for persistence unit 'default'
2026-05-06T15:23:59.228+03:00  INFO 40012 --- [           main] o.s.d.j.r.query.QueryEnhancerFactory     : Hibernate is in classpath; If applicable, HQL parser will be used.
2026-05-06T15:23:59.586+03:00  INFO 40012 --- [           main] r$InitializeUserDetailsManagerConfigurer : Global AuthenticationManager configured with UserDetailsService bean with name applicationUserDetailsService
2026-05-06T15:23:59.754+03:00  INFO 40012 --- [           main] c.e.s.i.EnrolmentCommandServiceIT        : Started EnrolmentCommandServiceIT in 1.84 seconds (process running for 2.848)
Hibernate: 
    insert 
    into
        app_user
        (is_active, created_at, email, first_name, last_login_at, last_name, password_hash, phone_number, updated_at, id) 
    values
        (?, ?, ?, ?, ?, ?, ?, ?, ?, default)
Hibernate: 
    insert 
    into
        student
        (date_of_birth, enrollment_date, guardian_email, guardian_name, student_code, id) 
    values
        (?, ?, ?, ?, ?, ?)
Hibernate: 
    insert 
    into
        app_user
        (is_active, created_at, email, first_name, last_login_at, last_name, password_hash, phone_number, updated_at, id) 
    values
        (?, ?, ?, ?, ?, ?, ?, ?, ?, default)
Hibernate: 
    insert 
    into
        student
        (date_of_birth, enrollment_date, guardian_email, guardian_name, student_code, id) 
    values
        (?, ?, ?, ?, ?, ?)
Hibernate: 
    insert 
    into
        course
        (course_name, department, id) 
    values
        (?, ?, default)
Hibernate: 
    insert 
    into
        course
        (course_name, department, id) 
    values
        (?, ?, default)
Hibernate: 
    insert 
    into
        enrolment
        (course_id, student_id, id) 
    values
        (?, ?, default)
]]></system-out>
  </testcase>
  <testcase name="enrollStudent_createsEnrolment" classname="com.example.springbd3big.integration.EnrolmentCommandServiceIT" time="0.038">
    <system-out><![CDATA[Hibernate: 
    insert 
    into
        app_user
        (is_active, created_at, email, first_name, last_login_at, last_name, password_hash, phone_number, updated_at, id) 
    values
        (?, ?, ?, ?, ?, ?, ?, ?, ?, default)
Hibernate: 
    insert 
    into
        student
        (date_of_birth, enrollment_date, guardian_email, guardian_name, student_code, id) 
    values
        (?, ?, ?, ?, ?, ?)
Hibernate: 
    insert 
    into
        course
        (course_name, department, id) 
    values
        (?, ?, default)
Hibernate: 
    select
        e1_0.id,
        c2_0.id,
        c2_0.course_name,
        c2_0.department,
        s2_0.id,
        s2_1.is_active,
        s2_1.created_at,
        s2_1.email,
        s2_1.first_name,
        s2_1.last_login_at,
        s2_1.last_name,
        s2_1.password_hash,
        s2_1.phone_number,
        s2_1.updated_at,
        s2_0.date_of_birth,
        s2_0.enrollment_date,
        s2_0.guardian_email,
        s2_0.guardian_name,
        s2_0.student_code 
    from
        enrolment e1_0 
    left join
        student s1_0 
            on s1_0.id=e1_0.student_id 
    left join
        course c1_0 
            on c1_0.id=e1_0.course_id 
    left join
        course c2_0 
            on c2_0.id=e1_0.course_id 
    left join
        student s2_0 
            on s2_0.id=e1_0.student_id 
    left join
        app_user s2_1 
            on s2_0.id=s2_1.id 
    where
        s1_0.id=? 
        and c1_0.id=?
Hibernate: 
    insert 
    into
        enrolment
        (course_id, student_id, id) 
    values
        (?, ?, default)
Hibernate: 
    select
        count(*) 
    from
        enrolment e1_0
]]></system-out>
  </testcase>
  <testcase name="deleteEnrolment_removesEntity" classname="com.example.springbd3big.integration.EnrolmentCommandServiceIT" time="0.004">
    <system-out><![CDATA[Hibernate: 
    insert 
    into
        app_user
        (is_active, created_at, email, first_name, last_login_at, last_name, password_hash, phone_number, updated_at, id) 
    values
        (?, ?, ?, ?, ?, ?, ?, ?, ?, default)
Hibernate: 
    insert 
    into
        student
        (date_of_birth, enrollment_date, guardian_email, guardian_name, student_code, id) 
    values
        (?, ?, ?, ?, ?, ?)
Hibernate: 
    insert 
    into
        course
        (course_name, department, id) 
    values
        (?, ?, default)
Hibernate: 
    insert 
    into
        enrolment
        (course_id, student_id, id) 
    values
        (?, ?, default)
]]></system-out>
  </testcase>
</testsuite>